<?xml version="1.0" encoding="UTF-8"?>
<testng-results ignored="0" total="4" passed="4" failed="0" skipped="0">
  <reporter-output>
  </reporter-output>
  <suite started-at="2024-11-03T11:02:50 IST" name="Cucumber Test Suite" finished-at="2024-11-03T11:04:04 IST" duration-ms="73264">
    <groups>
      <group name="cucumber">
        <method signature="AbstractTestNGCucumberTests.runScenario(io.cucumber.testng.PickleWrapper,io.cucumber.testng.FeatureWrapper)[pri:0, instance:runner.Bookshelvesrunner@4cc8eb05]" name="runScenario" class="io.cucumber.testng.AbstractTestNGCucumberTests"/>
        <method signature="AbstractTestNGCucumberTests.runScenario(io.cucumber.testng.PickleWrapper,io.cucumber.testng.FeatureWrapper)[pri:0, instance:runner.Giftcardrunner@51f116b8]" name="runScenario" class="io.cucumber.testng.AbstractTestNGCucumberTests"/>
        <method signature="AbstractTestNGCucumberTests.runScenario(io.cucumber.testng.PickleWrapper,io.cucumber.testng.FeatureWrapper)[pri:0, instance:runner.Menurunner@3972a855]" name="runScenario" class="io.cucumber.testng.AbstractTestNGCucumberTests"/>
        <method signature="AbstractTestNGCucumberTests.runScenario(io.cucumber.testng.PickleWrapper,io.cucumber.testng.FeatureWrapper)[pri:0, instance:runner.TestRunner@19d481b]" name="runScenario" class="io.cucumber.testng.AbstractTestNGCucumberTests"/>
      </group> <!-- cucumber -->
    </groups>
    <test started-at="2024-11-03T11:02:50 IST" name="Cucumber Tests" finished-at="2024-11-03T11:04:04 IST" duration-ms="73264">
      <class name="runner.Bookshelvesrunner">
        <test-method is-config="true" signature="setUpClass(org.testng.ITestContext)[pri:0, instance:runner.Bookshelvesrunner@4cc8eb05]" started-at="2024-11-03T11:02:51 IST" name="setUpClass" finished-at="2024-11-03T11:02:53 IST" duration-ms="2178" status="PASS">
          <params>
            <param index="0">
              <value>
                <![CDATA[org.testng.TestRunner@4d154ccd]]>
              </value>
            </param>
          </params>
          <reporter-output>
          </reporter-output>
        </test-method> <!-- setUpClass -->
        <test-method signature="runScenario(io.cucumber.testng.PickleWrapper,io.cucumber.testng.FeatureWrapper)[pri:0, instance:runner.Bookshelvesrunner@4cc8eb05]" started-at="2024-11-03T11:02:53 IST" name="runScenario" description="Runs Cucumber Scenarios" data-provider="scenarios" finished-at="2024-11-03T11:04:02 IST" duration-ms="69538" status="PASS">
          <params>
            <param index="0">
              <value>
                <![CDATA["Search for bookshelves"]]>
              </value>
            </param>
            <param index="1">
              <value>
                <![CDATA["Bookshelves search and filter tests"]]>
              </value>
            </param>
          </params>
          <reporter-output>
          </reporter-output>
        </test-method> <!-- runScenario -->
        <test-method is-config="true" signature="tearDownClass()[pri:0, instance:runner.Bookshelvesrunner@4cc8eb05]" started-at="2024-11-03T11:04:02 IST" name="tearDownClass" finished-at="2024-11-03T11:04:04 IST" duration-ms="1394" status="PASS">
          <reporter-output>
          </reporter-output>
        </test-method> <!-- tearDownClass -->
      </class> <!-- runner.Bookshelvesrunner -->
      <class name="runner.Menurunner">
        <test-method is-config="true" signature="setUpClass(org.testng.ITestContext)[pri:0, instance:runner.Menurunner@3972a855]" started-at="2024-11-03T11:02:51 IST" name="setUpClass" finished-at="2024-11-03T11:02:53 IST" duration-ms="2176" status="PASS">
          <params>
            <param index="0">
              <value>
                <![CDATA[org.testng.TestRunner@4d154ccd]]>
              </value>
            </param>
          </params>
          <reporter-output>
          </reporter-output>
        </test-method> <!-- setUpClass -->
        <test-method signature="runScenario(io.cucumber.testng.PickleWrapper,io.cucumber.testng.FeatureWrapper)[pri:0, instance:runner.Menurunner@3972a855]" started-at="2024-11-03T11:02:53 IST" name="runScenario" description="Runs Cucumber Scenarios" data-provider="scenarios" finished-at="2024-11-03T11:04:00 IST" duration-ms="67095" status="PASS">
          <params>
            <param index="0">
              <value>
                <![CDATA["Validate extraction of menu items and write them to Excel"]]>
              </value>
            </param>
            <param index="1">
              <value>
                <![CDATA["Extract menu items from Menus page"]]>
              </value>
            </param>
          </params>
          <reporter-output>
          </reporter-output>
        </test-method> <!-- runScenario -->
        <test-method is-config="true" signature="tearDownClass()[pri:0, instance:runner.Menurunner@3972a855]" started-at="2024-11-03T11:04:00 IST" name="tearDownClass" finished-at="2024-11-03T11:04:03 IST" duration-ms="3474" status="PASS">
          <reporter-output>
          </reporter-output>
        </test-method> <!-- tearDownClass -->
      </class> <!-- runner.Menurunner -->
      <class name="runner.TestRunner">
        <test-method is-config="true" signature="setUpClass(org.testng.ITestContext)[pri:0, instance:runner.TestRunner@19d481b]" started-at="2024-11-03T11:02:51 IST" name="setUpClass" finished-at="2024-11-03T11:02:53 IST" duration-ms="2177" status="PASS">
          <params>
            <param index="0">
              <value>
                <![CDATA[org.testng.TestRunner@4d154ccd]]>
              </value>
            </param>
          </params>
          <reporter-output>
          </reporter-output>
        </test-method> <!-- setUpClass -->
        <test-method signature="runScenario(io.cucumber.testng.PickleWrapper,io.cucumber.testng.FeatureWrapper)[pri:0, instance:runner.TestRunner@19d481b]" started-at="2024-11-03T11:02:53 IST" name="runScenario" description="Runs Cucumber Scenarios" data-provider="scenarios" finished-at="2024-11-03T11:04:01 IST" duration-ms="68660" status="PASS">
          <params>
            <param index="0">
              <value>
                <![CDATA["Search Study Chairs"]]>
              </value>
            </param>
            <param index="1">
              <value>
                <![CDATA["StudyChairs Tests"]]>
              </value>
            </param>
          </params>
          <reporter-output>
          </reporter-output>
        </test-method> <!-- runScenario -->
        <test-method is-config="true" signature="tearDownClass()[pri:0, instance:runner.TestRunner@19d481b]" started-at="2024-11-03T11:04:01 IST" name="tearDownClass" finished-at="2024-11-03T11:04:03 IST" duration-ms="1876" status="PASS">
          <reporter-output>
          </reporter-output>
        </test-method> <!-- tearDownClass -->
      </class> <!-- runner.TestRunner -->
      <class name="runner.Giftcardrunner">
        <test-method is-config="true" signature="setUpClass(org.testng.ITestContext)[pri:0, instance:runner.Giftcardrunner@51f116b8]" started-at="2024-11-03T11:02:51 IST" name="setUpClass" finished-at="2024-11-03T11:02:53 IST" duration-ms="2176" status="PASS">
          <params>
            <param index="0">
              <value>
                <![CDATA[org.testng.TestRunner@4d154ccd]]>
              </value>
            </param>
          </params>
          <reporter-output>
          </reporter-output>
        </test-method> <!-- setUpClass -->
        <test-method signature="runScenario(io.cucumber.testng.PickleWrapper,io.cucumber.testng.FeatureWrapper)[pri:0, instance:runner.Giftcardrunner@51f116b8]" started-at="2024-11-03T11:02:53 IST" name="runScenario" description="Runs Cucumber Scenarios" data-provider="scenarios" finished-at="2024-11-03T11:04:01 IST" duration-ms="68511" status="PASS">
          <params>
            <param index="0">
              <value>
                <![CDATA["Selecting a Gift Card"]]>
              </value>
            </param>
            <param index="1">
              <value>
                <![CDATA["Gift Cards"]]>
              </value>
            </param>
          </params>
          <reporter-output>
          </reporter-output>
        </test-method> <!-- runScenario -->
        <test-method is-config="true" signature="tearDownClass()[pri:0, instance:runner.Giftcardrunner@51f116b8]" started-at="2024-11-03T11:04:01 IST" name="tearDownClass" finished-at="2024-11-03T11:04:03 IST" duration-ms="2027" status="PASS">
          <reporter-output>
          </reporter-output>
        </test-method> <!-- tearDownClass -->
      </class> <!-- runner.Giftcardrunner -->
    </test> <!-- Cucumber Tests -->
  </suite> <!-- Cucumber Test Suite -->
</testng-results>
