<?xml version="1.0" encoding="UTF-8"?>
<testsuite xmlns:xsi="http://www.w3.org/2001/XMLSchema-instance" xsi:noNamespaceSchemaLocation="https://maven.apache.org/surefire/maven-surefire-plugin/xsd/surefire-test-report-3.0.xsd" version="3.0" name="TestSuite" time="107.187" tests="4" errors="0" skipped="0" failures="0">
  <properties>
[...]
</properties>
  <testcase name="runScenario[&quot;Selecting a Gift Card&quot;, &quot;Gift Cards&quot;](1)" classname="runner.Giftcardrunner" time="92.334">
    <system-out><![CDATA[18:08:27.318 [main] DEBUG org.testng.TestNG -- suiteXmlPath: "C:\Users\2361781\eclipse-workspace\CucumberProject\testng.xml"

@regression
Scenario: Search Study Chairs                            # src/test/resources/features/StudyChairs.feature:22

@sanity
Scenario: Validate extraction of menu items and write them to Excel # src/test/resources/features/Menu.feature:22

@regression
Scenario: Search for bookshelves                       # src/test/resources/features/Bookshelves.feature:22

@regression
Scenario: Selecting a Gift Card                                                                            # src/test/resources/features/GiftCards.feature:22
18:09:27.829 [TestNG-test-Cucumber Tests-2] INFO stepdefinition.BookshelvesSteps -- Initializing WebDriver and setting up the page objects
18:09:27.950 [TestNG-test-Cucumber Tests-1] INFO stepdefinition.MenusSteps -- Initializing WebDriver and setting up page objects
  Given I open the browser                             # stepdefinition.BookshelvesSteps.i_open_the_browser()
  Given I open the browser with Menus page                          # stepdefinition.MenusSteps.i_open_the_browser_with_menus_page()
  And I navigate to "https://www.pepperfry.com"        # stepdefinition.BookshelvesSteps.i_navigate_to(java.lang.String)
18:09:28.186 [TestNG-test-Cucumber Tests-1] INFO stepdefinition.MenusSteps -- Starting test: MenuTest
18:09:28.203 [TestNG-test-Cucumber Tests-2] INFO stepdefinition.BookshelvesSteps -- Starting test: searchBookshelvesTest
  When I hover over Luxury Menu                                     # stepdefinition.MenusSteps.i_hover_over_luxury_menu()
  When I select the Sofas Menu                                      # stepdefinition.MenusSteps.i_select_the_sofas_menu()
18:09:31.607 [TestNG-test-Cucumber Tests-1] INFO stepdefinition.MenusSteps -- Starting test: extractMenuItemsToExcel
18:09:33.939 [TestNG-test-Cucumber Tests-4] INFO stepdefinition.StudyChairsSteps -- Initializing the WebDriver and setting up the page objects
  Given I open the Pepperfry website                     # stepdefinition.StudyChairsSteps.openWebsite()
18:09:34.023 [TestNG-test-Cucumber Tests-4] INFO stepdefinition.StudyChairsSteps -- Starting test: searchStudyChairs
18:09:37.053 [TestNG-test-Cucumber Tests-3] INFO stepdefinition.GiftCardSteps -- Initializing WebDriver and setting up the page objects
  Given the user navigates to the gift cards page                                                          # stepdefinition.GiftCardSteps.navigateToGiftCardsPage()
18:09:37.240 [TestNG-test-Cucumber Tests-3] INFO stepdefinition.GiftCardSteps -- Starting test: selectGiftCardTest
18:09:38.576 [TestNG-test-Cucumber Tests-1] INFO stepdefinition.MenusSteps -- Retrieved sub menu data successfully
18:09:38.663 [TestNG-test-Cucumber Tests-2] INFO stepdefinition.BookshelvesSteps -- Search for 'bookshelves' performed successfully
  Then I search for the "bookshelves"                  # stepdefinition.BookshelvesSteps.i_search_for(java.lang.String)
18:09:38.672 [TestNG-test-Cucumber Tests-2] INFO stepdefinition.BookshelvesSteps -- Starting test: applyFilterTest
Menu Item 1: All
Menu Item 2: Sofas
Menu Item 3: Recliners
18:09:39.893 [TestNG-test-Cucumber Tests-4] INFO stepdefinition.StudyChairsSteps -- Search for 'study chairs' performed successfully
  When I search for "study chairs"                       # stepdefinition.StudyChairsSteps.searchForChairs(java.lang.String)
18:09:39.898 [TestNG-test-Cucumber Tests-4] INFO stepdefinition.StudyChairsSteps -- Starting test: applyFiltersTest
  When the user clicks on the gift card link                                                               # stepdefinition.GiftCardSteps.clickGiftCardLink()
18:09:40.365 [TestNG-test-Cucumber Tests-3] INFO stepdefinition.GiftCardSteps -- Selected gift card successfully
Menu Item 4: Chairs
Menu Item 5: Coffee Tables
Menu Item 6: Side Tables
Menu Item 7: Console Table
Menu Item 8: TV and Media Units
  And the user selects a birthday gift card                                                                # stepdefinition.GiftCardSteps.selectBirthdayGiftCard()
Gift card selection successful.
  Then the gift card selection is successful                                                               # stepdefinition.GiftCardSteps.verifyGiftCardSelection()
18:09:44.196 [TestNG-test-Cucumber Tests-3] INFO stepdefinition.GiftCardSteps -- Starting test: fillGiftDetailsTest
18:09:48.304 [TestNG-test-Cucumber Tests-1] INFO stepdefinition.MenusSteps -- Data written to Excel file: Output_Excel/MenuData.xlsx
Menu data written to Excel: Output_Excel/MenuData.xlsx
18:09:48.305 [TestNG-test-Cucumber Tests-1] INFO stepdefinition.MenusSteps -- Excel file Verified Successfully
  When I extract all Submenu items to Excel                         # stepdefinition.MenusSteps.i_extract_all_menu_items_to_excel()
Menu items saved successfully.
18:09:48.312 [TestNG-test-Cucumber Tests-1] INFO stepdefinition.MenusSteps -- Quiting the WebDriver
  Then the menu data is saved successfully                          # stepdefinition.MenusSteps.the_menu_data_is_saved_successfully()
18:09:48.359 [TestNG-test-Cucumber Tests-2] INFO stepdefinition.BookshelvesSteps -- Price Filter applied successfully
  When I apply the price filter with max value "15000" # stepdefinition.BookshelvesSteps.i_apply_the_price_filter_with_max_value(java.lang.String)
18:09:48.365 [TestNG-test-Cucumber Tests-2] INFO stepdefinition.BookshelvesSteps -- Starting test: sortByLowestPriceTest
18:09:53.905 [TestNG-test-Cucumber Tests-3] INFO stepdefinition.GiftCardSteps -- All data filled successfully
  When the user fills recipient details with "John", "1234567890", "john@gmail.com", and "Happy Birthday!" # stepdefinition.GiftCardSteps.fillRecipientDetails(java.lang.String,java.lang.String,java.lang.String,java.lang.String)
18:09:53.909 [TestNG-test-Cucumber Tests-3] INFO stepdefinition.GiftCardSteps -- Starting test: extractErrorMessagesToExcelTest
18:09:53.909 [TestNG-test-Cucumber Tests-3] INFO stepdefinition.GiftCardSteps -- Retrieved error messages successfully
18:09:53.910 [TestNG-test-Cucumber Tests-3] INFO stepdefinition.GiftCardSteps -- Header added to excelData succesfully
18:09:53.924 [TestNG-test-Cucumber Tests-2] INFO stepdefinition.BookshelvesSteps -- Sort by Filter applied successfully
  When I sort the items by "Lowest Priced First"       # stepdefinition.BookshelvesSteps.i_sort_the_items_by(java.lang.String)
18:09:53.929 [TestNG-test-Cucumber Tests-2] INFO stepdefinition.BookshelvesSteps -- Starting test: extractBookshelfDetailsToExcelTest
Extracted Error Messages:
Error Type: Empty Email Error | Message: Sender's Email ID Cannot Be Empty
Error Type: Invalid Email Error | Message: Enter a Valid Email ID
18:09:54.332 [TestNG-test-Cucumber Tests-3] INFO stepdefinition.GiftCardSteps -- Data written to Excel file: Output_Excel/GiftCardErrors.xlsx
Error messages written to Excel: Output_Excel/GiftCardErrors.xlsx
18:09:54.333 [TestNG-test-Cucumber Tests-3] INFO stepdefinition.GiftCardSteps -- Excel file verified successfully
  And the user fills sender details with "Doe", "1234567891", and "doe@gmail.com"                          # stepdefinition.GiftCardSteps.fillSenderDetails(java.lang.String,java.lang.String,java.lang.String)
  And the denomination is selected                                                                         # stepdefinition.GiftCardSteps.denominationSelected()
Gift card details filled successfully.
18:09:55.471 [TestNG-test-Cucumber Tests-3] INFO stepdefinition.GiftCardSteps -- Quiting the WebDriver
  Then the gift card details are filled successfully                                                       # stepdefinition.GiftCardSteps.verifyGiftCardDetailsFilled()
18:09:57.494 [TestNG-test-Cucumber Tests-4] INFO stepdefinition.StudyChairsSteps -- Price Filters applied successfully
  When I apply a price filter of "15000"                 # stepdefinition.StudyChairsSteps.applyPriceFilter(java.lang.String)
18:09:57.499 [TestNG-test-Cucumber Tests-4] INFO stepdefinition.StudyChairsSteps -- Starting test: sortByCustomerRating
18:09:59.377 [TestNG-test-Cucumber Tests-2] INFO stepdefinition.BookshelvesSteps -- Retrieved product names and prices successfully
18:09:59.377 [TestNG-test-Cucumber Tests-2] INFO stepdefinition.BookshelvesSteps -- Header added to excelData
18:09:59.378 [TestNG-test-Cucumber Tests-2] INFO stepdefinition.BookshelvesSteps -- Added product: Trendlong Round Floating Book Shelf with price: ?999
Product 1: Name = Trendlong Round Floating Book Shelf, Price = ₹999
18:09:59.379 [TestNG-test-Cucumber Tests-2] INFO stepdefinition.BookshelvesSteps -- Added product: Captiver Wall Mount Book Shelf In Dark Acazia Finish with price: ?1,389
Product 2: Name = Captiver Wall Mount Book Shelf In Dark Acazia Finish, Price = ₹1,389
18:09:59.380 [TestNG-test-Cucumber Tests-2] INFO stepdefinition.BookshelvesSteps -- Added product: Victor Book Shelf In Wenge Colour with price: ?1,389
Product 3: Name = Victor Book Shelf In Wenge Colour, Price = ₹1,389
18:09:59.498 [TestNG-test-Cucumber Tests-2] INFO stepdefinition.BookshelvesSteps -- Data written to Excel file: Output_Excel/BookshelvesData.xlsx
Bookshelf data written to Excel: Output_Excel/BookshelvesData.xlsx
18:09:59.499 [TestNG-test-Cucumber Tests-2] INFO stepdefinition.BookshelvesSteps -- Excel file verified successfully
  When I extract product names and prices              # stepdefinition.BookshelvesSteps.i_extract_product_names_and_prices()
Bookshelf data written to Excel: BookshelvesData.xlsx
18:09:59.501 [TestNG-test-Cucumber Tests-2] INFO stepdefinition.BookshelvesSteps -- Closing the WebDriver
  Then I write the details to "BookshelvesData.xlsx"   # stepdefinition.BookshelvesSteps.i_write_the_details_to(java.lang.String)
18:10:02.553 [TestNG-test-Cucumber Tests-4] INFO stepdefinition.StudyChairsSteps -- Sort By Filters applied successfully
  When I sort the product list by Customer Ratings       # stepdefinition.StudyChairsSteps.sortByCustomerRating()
18:10:02.557 [TestNG-test-Cucumber Tests-4] INFO stepdefinition.StudyChairsSteps -- Starting test: extractStudyChairsDetails
]]></system-out>
    <system-err><![CDATA[SLF4J(I): Connected with provider of type [ch.qos.logback.classic.spi.LogbackServiceProvider]
Nov 02, 2024 6:08:34 PM org.openqa.selenium.remote.tracing.opentelemetry.OpenTelemetryTracer createTracer
INFO: Using OpenTelemetry for tracing
]]></system-err>
  </testcase>
  <testcase name="runScenario[&quot;Validate extraction of menu items and write them to Excel&quot;, &quot;Extract menu items from Menus page&quot;](1)" classname="runner.Menurunner" time="93.845"/>
  <testcase name="runScenario[&quot;Search for bookshelves&quot;, &quot;Bookshelves search and filter tests&quot;](1)" classname="runner.Bookshelvesrunner" time="97.282">
    <system-out><![CDATA[18:10:06.563 [TestNG-test-Cucumber Tests-4] INFO stepdefinition.StudyChairsSteps -- Product names and prices Retrieved successfully
18:10:06.563 [TestNG-test-Cucumber Tests-4] INFO stepdefinition.StudyChairsSteps -- Added Header to excelData
18:10:06.563 [TestNG-test-Cucumber Tests-4] INFO stepdefinition.StudyChairsSteps -- Product: Atom Breathable Mesh Ergonomic Chair in Black & Orange Colour with price: ?4,099
Product 1: Name = Atom Breathable Mesh Ergonomic Chair in Black & Orange Colour, Price = ₹4,099
18:10:06.564 [TestNG-test-Cucumber Tests-4] INFO stepdefinition.StudyChairsSteps -- Product: Amaze Breathable Mesh Guest Chair in Black Colour with price: ?3,900
Product 2: Name = Amaze Breathable Mesh Guest Chair in Black Colour, Price = ₹3,900
18:10:06.564 [TestNG-test-Cucumber Tests-4] INFO stepdefinition.StudyChairsSteps -- Product: Tauras Lite Breathable MeshMid Back Ergonomic Chair in Red Colour with price: ?5,499
Product 3: Name = Tauras Lite Breathable MeshMid Back Ergonomic Chair in Red Colour, Price = ₹5,499
18:10:06.647 [TestNG-test-Cucumber Tests-4] INFO stepdefinition.StudyChairsSteps -- Written Data to Excel file: Output_Excel/StudyChairsData.xlsx
Study chairs data written to Excel: Output_Excel/StudyChairsData.xlsx
18:10:06.647 [TestNG-test-Cucumber Tests-4] INFO stepdefinition.StudyChairsSteps -- Successfully verified Excel file
  When I extract product details to Excel                # stepdefinition.StudyChairsSteps.extractDetailsToExcel()
Excel validated with product names and prices.
18:10:06.652 [TestNG-test-Cucumber Tests-4] INFO stepdefinition.StudyChairsSteps -- Closing WebDriver
  Then the Excel should contain product names and prices # stepdefinition.StudyChairsSteps.validateExcelContent()
]]></system-out>
    <system-err><![CDATA[┌──────────────────────────────────────────────────────────────────────────┐
│ View your Cucumber Report at:                                            │
│ https://reports.cucumber.io/reports/772d57d8-6a76-4364-86a2-a9eb5c6b4337 │
│                                                                          │
│ This report will self-destruct in 24h.                                   │
│ Keep reports forever: https://reports.cucumber.io/profile                │
└──────────────────────────────────────────────────────────────────────────┘┌──────────────────────────────────────────────────────────────────────────┐
│ View your Cucumber Report at:                                            │
│ https://reports.cucumber.io/reports/e9777c83-718d-410d-ba1b-531adb9e3883 │
│                                                                          │
│ This report will self-destruct in 24h.                                   │
│ Keep reports forever: https://reports.cucumber.io/profile                │
└──────────────────────────────────────────────────────────────────────────┘]]></system-err>
  </testcase>
  <testcase name="runScenario[&quot;Search Study Chairs&quot;, &quot;StudyChairs Tests&quot;](1)" classname="runner.TestRunner" time="100.659">
    <system-err><![CDATA[┌──────────────────────────────────────────────────────────────────────────┐
│ View your Cucumber Report at:                                            │
│ https://reports.cucumber.io/reports/9c1136d8-f59a-4739-8eb3-5885adf126f6 │
│                                                                          │
│ This report will self-destruct in 24h.                                   │
│ Keep reports forever: https://reports.cucumber.io/profile                │
└──────────────────────────────────────────────────────────────────────────┘]]></system-err>
  </testcase>
</testsuite>