<?xml version="1.0" encoding="UTF-8"?>
<testsuite xmlns:xsi="http://www.w3.org/2001/XMLSchema-instance" xsi:noNamespaceSchemaLocation="https://maven.apache.org/surefire/maven-surefire-plugin/xsd/surefire-test-report-3.0.xsd" version="3.0" name="TestSuite" time="96.642" tests="4" errors="0" skipped="0" failures="0">
  <properties>
[...]
</properties>
  <testcase name="runScenario[&quot;Search for bookshelves&quot;, &quot;Bookshelves search and filter tests&quot;](1)" classname="runner.TestRunner" time="42.086">
    <system-out><![CDATA[19:47:49.975 [main] DEBUG org.testng.TestNG -- suiteXmlPath: "C:\Users\2361781\eclipse-workspace\CucumberProject\Master.xml"

@regression
Scenario: Search for bookshelves                       # src/test/resources/features/Bookshelves.feature:22
  Given I open the browser                             # stepdefinition.BookshelvesSteps.i_open_the_browser()
  And I navigate to "https://www.pepperfry.com"        # stepdefinition.BookshelvesSteps.i_navigate_to(java.lang.String)
  Then I search for the "bookshelves"                  # stepdefinition.BookshelvesSteps.i_search_for(java.lang.String)
  When I apply the price filter with max value "15000" # stepdefinition.BookshelvesSteps.i_apply_the_price_filter_with_max_value(java.lang.String)
  When I sort the items by "Lowest Priced First"       # stepdefinition.BookshelvesSteps.i_sort_the_items_by(java.lang.String)
Bookshelf data written to Excel: Output_Excel/BookshelvesData.xlsx
  When I extract product names and prices              # stepdefinition.BookshelvesSteps.i_extract_product_names_and_prices()
Bookshelf data written to Excel: BookshelvesData.xlsx
  Then I write the details to "BookshelvesData.xlsx"   # stepdefinition.BookshelvesSteps.i_write_the_details_to(java.lang.String)
]]></system-out>
    <system-err><![CDATA[SLF4J(I): Connected with provider of type [ch.qos.logback.classic.spi.LogbackServiceProvider]
]]></system-err>
  </testcase>
  <testcase name="runScenario[&quot;Selecting a Gift Card&quot;, &quot;Gift Cards&quot;](2)" classname="runner.TestRunner" time="15.158">
    <system-out><![CDATA[
@regression
Scenario: Selecting a Gift Card                                                                            # src/test/resources/features/GiftCards.feature:22
  Given the user navigates to the gift cards page                                                          # stepdefinition.GiftCardSteps.navigateToGiftCardsPage()
  When the user clicks on the gift card link                                                               # stepdefinition.GiftCardSteps.clickGiftCardLink()
  And the user selects a birthday gift card                                                                # stepdefinition.GiftCardSteps.selectBirthdayGiftCard()
Gift card selection successful.
  Then the gift card selection is successful                                                               # stepdefinition.GiftCardSteps.verifyGiftCardSelection()
  When the user fills recipient details with "John", "1234567890", "john@gmail.com", and "Happy Birthday!" # stepdefinition.GiftCardSteps.fillRecipientDetails(java.lang.String,java.lang.String,java.lang.String,java.lang.String)
Extracted Error Messages:
Error Type: Empty Email Error | Message: Sender's Email ID Cannot Be Empty
Error Type: Invalid Email Error | Message: Enter a Valid Email ID
Error messages written to Excel: Output_Excel/GiftCardErrors.xlsx
  And the user fills sender details with "Doe", "1234567891", and "doe@gmail.com"                          # stepdefinition.GiftCardSteps.fillSenderDetails(java.lang.String,java.lang.String,java.lang.String)
  And the denomination is selected                                                                         # stepdefinition.GiftCardSteps.denominationSelected()
Gift card details filled successfully.
  Then the gift card details are filled successfully                                                       # stepdefinition.GiftCardSteps.verifyGiftCardDetailsFilled()
]]></system-out>
  </testcase>
  <testcase name="runScenario[&quot;Validate extraction of menu items and write them to Excel&quot;, &quot;Extract menu items from Menus page&quot;](3)" classname="runner.TestRunner" time="11.024">
    <system-out><![CDATA[
@sanity
Scenario: Validate extraction of menu items and write them to Excel # src/test/resources/features/Menu.feature:22
  Given I open the browser with Menus page                          # stepdefinition.MenusSteps.i_open_the_browser_with_menus_page()
  When I hover over Luxury Menu                                     # stepdefinition.MenusSteps.i_hover_over_luxury_menu()
  When I select the Sofas Menu                                      # stepdefinition.MenusSteps.i_select_the_sofas_menu()
Menu Item 1: All
Menu Item 2: Sofas
Menu Item 3: Recliners
Menu Item 4: Chairs
Menu Item 5: Coffee Tables
Menu Item 6: Side Tables
Menu Item 7: Console Table
Menu Item 8: TV and Media Units
Menu data written to Excel: Output_Excel/MenuData.xlsx
  When I extract all Submenu items to Excel                         # stepdefinition.MenusSteps.i_extract_all_menu_items_to_excel()
Menu items saved successfully.
  Then the menu data is saved successfully                          # stepdefinition.MenusSteps.the_menu_data_is_saved_successfully()
]]></system-out>
  </testcase>
  <testcase name="runScenario[&quot;Search Study Chairs&quot;, &quot;StudyChairs Tests&quot;](4)" classname="runner.TestRunner" time="21.105">
    <system-out><![CDATA[
@regression
Scenario: Search Study Chairs                            # src/test/resources/features/StudyChairs.feature:22
  Given I open the Pepperfry website                     # stepdefinition.StudyChairsSteps.openWebsite()
  When I search for "study chairs"                       # stepdefinition.StudyChairsSteps.searchForChairs(java.lang.String)
  When I apply a price filter of "15000"                 # stepdefinition.StudyChairsSteps.applyPriceFilter(java.lang.String)
  When I sort the product list by Customer Ratings       # stepdefinition.StudyChairsSteps.sortByCustomerRating()
Study chairs data written to Excel: Output_Excel/StudyChairsData.xlsx
  When I extract product details to Excel                # stepdefinition.StudyChairsSteps.extractDetailsToExcel()
Excel validated with product names and prices.
  Then the Excel should contain product names and prices # stepdefinition.StudyChairsSteps.validateExcelContent()
]]></system-out>
  </testcase>
</testsuite>