<?xml version="1.0" encoding="UTF-8"?>
<testng-results ignored="0" total="4" passed="4" failed="0" skipped="0">
  <reporter-output>
  </reporter-output>
  <suite started-at="2024-11-02T20:16:45 IST" name="Cucumber Test Suite" finished-at="2024-11-02T20:17:24 IST" duration-ms="39489">
    <groups>
      <group name="cucumber">
        <method signature="AbstractTestNGCucumberTests.runScenario(io.cucumber.testng.PickleWrapper,io.cucumber.testng.FeatureWrapper)[pri:0, instance:runner.Bookshelvesrunner@5b218417]" name="runScenario" class="io.cucumber.testng.AbstractTestNGCucumberTests"/>
        <method signature="AbstractTestNGCucumberTests.runScenario(io.cucumber.testng.PickleWrapper,io.cucumber.testng.FeatureWrapper)[pri:0, instance:runner.Giftcardrunner@645aa696]" name="runScenario" class="io.cucumber.testng.AbstractTestNGCucumberTests"/>
        <method signature="AbstractTestNGCucumberTests.runScenario(io.cucumber.testng.PickleWrapper,io.cucumber.testng.FeatureWrapper)[pri:0, instance:runner.Menurunner@18271936]" name="runScenario" class="io.cucumber.testng.AbstractTestNGCucumberTests"/>
        <method signature="AbstractTestNGCucumberTests.runScenario(io.cucumber.testng.PickleWrapper,io.cucumber.testng.FeatureWrapper)[pri:0, instance:runner.TestRunner@6caf0677]" name="runScenario" class="io.cucumber.testng.AbstractTestNGCucumberTests"/>
      </group> <!-- cucumber -->
    </groups>
    <test started-at="2024-11-02T20:16:45 IST" name="Cucumber Tests" finished-at="2024-11-02T20:17:24 IST" duration-ms="39489">
      <class name="runner.Bookshelvesrunner">
        <test-method is-config="true" signature="setUpClass(org.testng.ITestContext)[pri:0, instance:runner.Bookshelvesrunner@5b218417]" started-at="2024-11-02T20:16:45 IST" name="setUpClass" finished-at="2024-11-02T20:16:46 IST" duration-ms="945" status="PASS">
          <params>
            <param index="0">
              <value>
                <![CDATA[org.testng.TestRunner@54e041a4]]>
              </value>
            </param>
          </params>
          <reporter-output>
          </reporter-output>
        </test-method> <!-- setUpClass -->
        <test-method signature="runScenario(io.cucumber.testng.PickleWrapper,io.cucumber.testng.FeatureWrapper)[pri:0, instance:runner.Bookshelvesrunner@5b218417]" started-at="2024-11-02T20:16:46 IST" name="runScenario" description="Runs Cucumber Scenarios" data-provider="scenarios" finished-at="2024-11-02T20:17:21 IST" duration-ms="35711" status="PASS">
          <params>
            <param index="0">
              <value>
                <![CDATA["Search for bookshelves"]]>
              </value>
            </param>
            <param index="1">
              <value>
                <![CDATA["Bookshelves search and filter tests"]]>
              </value>
            </param>
          </params>
          <reporter-output>
          </reporter-output>
        </test-method> <!-- runScenario -->
        <test-method is-config="true" signature="tearDownClass()[pri:0, instance:runner.Bookshelvesrunner@5b218417]" started-at="2024-11-02T20:17:21 IST" name="tearDownClass" finished-at="2024-11-02T20:17:22 IST" duration-ms="666" status="PASS">
          <reporter-output>
          </reporter-output>
        </test-method> <!-- tearDownClass -->
      </class> <!-- runner.Bookshelvesrunner -->
      <class name="runner.Menurunner">
        <test-method is-config="true" signature="setUpClass(org.testng.ITestContext)[pri:0, instance:runner.Menurunner@18271936]" started-at="2024-11-02T20:16:45 IST" name="setUpClass" finished-at="2024-11-02T20:16:46 IST" duration-ms="945" status="PASS">
          <params>
            <param index="0">
              <value>
                <![CDATA[org.testng.TestRunner@54e041a4]]>
              </value>
            </param>
          </params>
          <reporter-output>
          </reporter-output>
        </test-method> <!-- setUpClass -->
        <test-method signature="runScenario(io.cucumber.testng.PickleWrapper,io.cucumber.testng.FeatureWrapper)[pri:0, instance:runner.Menurunner@18271936]" started-at="2024-11-02T20:16:46 IST" name="runScenario" description="Runs Cucumber Scenarios" data-provider="scenarios" finished-at="2024-11-02T20:17:18 IST" duration-ms="32488" status="PASS">
          <params>
            <param index="0">
              <value>
                <![CDATA["Validate extraction of menu items and write them to Excel"]]>
              </value>
            </param>
            <param index="1">
              <value>
                <![CDATA["Extract menu items from Menus page"]]>
              </value>
            </param>
          </params>
          <reporter-output>
          </reporter-output>
        </test-method> <!-- runScenario -->
        <test-method is-config="true" signature="tearDownClass()[pri:0, instance:runner.Menurunner@18271936]" started-at="2024-11-02T20:17:18 IST" name="tearDownClass" finished-at="2024-11-02T20:17:20 IST" duration-ms="1907" status="PASS">
          <reporter-output>
          </reporter-output>
        </test-method> <!-- tearDownClass -->
      </class> <!-- runner.Menurunner -->
      <class name="runner.TestRunner">
        <test-method is-config="true" signature="setUpClass(org.testng.ITestContext)[pri:0, instance:runner.TestRunner@6caf0677]" started-at="2024-11-02T20:16:45 IST" name="setUpClass" finished-at="2024-11-02T20:16:46 IST" duration-ms="945" status="PASS">
          <params>
            <param index="0">
              <value>
                <![CDATA[org.testng.TestRunner@54e041a4]]>
              </value>
            </param>
          </params>
          <reporter-output>
          </reporter-output>
        </test-method> <!-- setUpClass -->
        <test-method signature="runScenario(io.cucumber.testng.PickleWrapper,io.cucumber.testng.FeatureWrapper)[pri:0, instance:runner.TestRunner@6caf0677]" started-at="2024-11-02T20:16:46 IST" name="runScenario" description="Runs Cucumber Scenarios" data-provider="scenarios" finished-at="2024-11-02T20:17:23 IST" duration-ms="37800" status="PASS">
          <params>
            <param index="0">
              <value>
                <![CDATA["Search Study Chairs"]]>
              </value>
            </param>
            <param index="1">
              <value>
                <![CDATA["StudyChairs Tests"]]>
              </value>
            </param>
          </params>
          <reporter-output>
          </reporter-output>
        </test-method> <!-- runScenario -->
        <test-method is-config="true" signature="tearDownClass()[pri:0, instance:runner.TestRunner@6caf0677]" started-at="2024-11-02T20:17:23 IST" name="tearDownClass" finished-at="2024-11-02T20:17:24 IST" duration-ms="694" status="PASS">
          <reporter-output>
          </reporter-output>
        </test-method> <!-- tearDownClass -->
      </class> <!-- runner.TestRunner -->
      <class name="runner.Giftcardrunner">
        <test-method is-config="true" signature="setUpClass(org.testng.ITestContext)[pri:0, instance:runner.Giftcardrunner@645aa696]" started-at="2024-11-02T20:16:45 IST" name="setUpClass" finished-at="2024-11-02T20:16:46 IST" duration-ms="945" status="PASS">
          <params>
            <param index="0">
              <value>
                <![CDATA[org.testng.TestRunner@54e041a4]]>
              </value>
            </param>
          </params>
          <reporter-output>
          </reporter-output>
        </test-method> <!-- setUpClass -->
        <test-method signature="runScenario(io.cucumber.testng.PickleWrapper,io.cucumber.testng.FeatureWrapper)[pri:0, instance:runner.Giftcardrunner@645aa696]" started-at="2024-11-02T20:16:46 IST" name="runScenario" description="Runs Cucumber Scenarios" data-provider="scenarios" finished-at="2024-11-02T20:17:17 IST" duration-ms="31714" status="PASS">
          <params>
            <param index="0">
              <value>
                <![CDATA["Selecting a Gift Card"]]>
              </value>
            </param>
            <param index="1">
              <value>
                <![CDATA["Gift Cards"]]>
              </value>
            </param>
          </params>
          <reporter-output>
          </reporter-output>
        </test-method> <!-- runScenario -->
        <test-method is-config="true" signature="tearDownClass()[pri:0, instance:runner.Giftcardrunner@645aa696]" started-at="2024-11-02T20:17:17 IST" name="tearDownClass" finished-at="2024-11-02T20:17:20 IST" duration-ms="2675" status="PASS">
          <reporter-output>
          </reporter-output>
        </test-method> <!-- tearDownClass -->
      </class> <!-- runner.Giftcardrunner -->
    </test> <!-- Cucumber Tests -->
  </suite> <!-- Cucumber Test Suite -->
</testng-results>
